# JRE version: OpenJDK Runtime Environment (8.0_91-b14) (build 1.8.0_91-b14)
# Java VM: OpenJDK 64-Bit Server VM (25.91-b14 mixed mode linux-amd64 compressed oops)
Heap:
 def new generation   total 35712K, used 0K [0x00000000f0800000, 0x00000000f2ec0000, 0x00000000f5aa0000)
  eden space 31744K,   0% used [0x00000000f0800000, 0x00000000f0800000, 0x00000000f2700000)
  from space 3968K,   0% used [0x00000000f2ae0000, 0x00000000f2ae0000, 0x00000000f2ec0000)
  to   space 3968K,   0% used [0x00000000f2700000, 0x00000000f2700000, 0x00000000f2ae0000)
 tenured generation   total 79424K, used 53862K [0x00000000f5aa0000, 0x00000000fa830000, 0x0000000100000000)
   the space 79424K,  67% used [0x00000000f5aa0000, 0x00000000f8f39bf0, 0x00000000f8f39c00, 0x00000000fa830000)
 Metaspace       used 29094K, capacity 29826K, committed 30080K, reserved 1075200K
  class space    used 3161K, capacity 3416K, committed 3456K, reserved 1048576K
GC Heap History (10 events):
Event: 64.467 GC heap after
Heap after GC invocations=287 (full 6):
 def new generation   total 35712K, used 380K [0x00000000f0800000, 0x00000000f2ec0000, 0x00000000f5aa0000)
  eden space 31744K,   0% used [0x00000000f0800000, 0x00000000f0800000, 0x00000000f2700000)
  from space 3968K,   9% used [0x00000000f2700000, 0x00000000f275f0b0, 0x00000000f2ae0000)
  to   space 3968K,   0% used [0x00000000f2ae0000, 0x00000000f2ae0000, 0x00000000f2ec0000)
 tenured generation   total 79232K, used 77931K [0x00000000f5aa0000, 0x00000000fa800000, 0x0000000100000000)
   the space 79232K,  98% used [0x00000000f5aa0000, 0x00000000fa6baf50, 0x00000000fa6bb000, 0x00000000fa800000)
 Metaspace       used 29094K, capacity 29826K, committed 30080K, reserved 1075200K
  class space    used 3161K, capacity 3416K, committed 3456K, reserved 1048576K
}
Event: 64.711 GC heap before
{Heap before GC invocations=287 (full 6):
 def new generation   total 35712K, used 32124K [0x00000000f0800000, 0x00000000f2ec0000, 0x00000000f5aa0000)
  eden space 31744K, 100% used [0x00000000f0800000, 0x00000000f2700000, 0x00000000f2700000)
  from space 3968K,   9% used [0x00000000f2700000, 0x00000000f275f0b0, 0x00000000f2ae0000)
  to   space 3968K,   0% used [0x00000000f2ae0000, 0x00000000f2ae0000, 0x00000000f2ec0000)
 tenured generation   total 79232K, used 77931K [0x00000000f5aa0000, 0x00000000fa800000, 0x0000000100000000)
   the space 79232K,  98% used [0x00000000f5aa0000, 0x00000000fa6baf50, 0x00000000fa6bb000, 0x00000000fa800000)
 Metaspace       used 29094K, capacity 29826K, committed 30080K, reserved 1075200K
  class space    used 3161K, capacity 3416K, committed 3456K, reserved 1048576K
Event: 64.716 GC heap after
Heap after GC invocations=288 (full 6):
 def new generation   total 35712K, used 3754K [0x00000000f0800000, 0x00000000f2ec0000, 0x00000000f5aa0000)
  eden space 31744K,   0% used [0x00000000f0800000, 0x00000000f0800000, 0x00000000f2700000)
  from space 3968K,  94% used [0x00000000f2ae0000, 0x00000000f2e8a9e8, 0x00000000f2ec0000)
  to   space 3968K,   0% used [0x00000000f2700000, 0x00000000f2700000, 0x00000000f2ae0000)
 tenured generation   total 79232K, used 77931K [0x00000000f5aa0000, 0x00000000fa800000, 0x0000000100000000)
   the space 79232K,  98% used [0x00000000f5aa0000, 0x00000000fa6baf50, 0x00000000fa6bb000, 0x00000000fa800000)
 Metaspace       used 29094K, capacity 29826K, committed 30080K, reserved 1075200K
  class space    used 3161K, capacity 3416K, committed 3456K, reserved 1048576K
}
Event: 64.855 GC heap before
{Heap before GC invocations=288 (full 6):
 def new generation   total 35712K, used 35498K [0x00000000f0800000, 0x00000000f2ec0000, 0x00000000f5aa0000)
  eden space 31744K, 100% used [0x00000000f0800000, 0x00000000f2700000, 0x00000000f2700000)
  from space 3968K,  94% used [0x00000000f2ae0000, 0x00000000f2e8a9e8, 0x00000000f2ec0000)
  to   space 3968K,   0% used [0x00000000f2700000, 0x00000000f2700000, 0x00000000f2ae0000)
 tenured generation   total 79232K, used 77931K [0x00000000f5aa0000, 0x00000000fa800000, 0x0000000100000000)
   the space 79232K,  98% used [0x00000000f5aa0000, 0x00000000fa6baf50, 0x00000000fa6bb000, 0x00000000fa800000)
 Metaspace       used 29094K, capacity 29826K, committed 30080K, reserved 1075200K
  class space    used 3161K, capacity 3416K, committed 3456K, reserved 1048576K
Event: 64.861 GC heap after
Heap after GC invocations=289 (full 6):
 def new generation   total 35712K, used 2517K [0x00000000f0800000, 0x00000000f2ec0000, 0x00000000f5aa0000)
  eden space 31744K,   0% used [0x00000000f0800000, 0x00000000f0800000, 0x00000000f2700000)
  from space 3968K,  63% used [0x00000000f2700000, 0x00000000f2975790, 0x00000000f2ae0000)
  to   space 3968K,   0% used [0x00000000f2ae0000, 0x00000000f2ae0000, 0x00000000f2ec0000)
 tenured generation   total 79232K, used 78337K [0x00000000f5aa0000, 0x00000000fa800000, 0x0000000100000000)
   the space 79232K,  98% used [0x00000000f5aa0000, 0x00000000fa720490, 0x00000000fa720600, 0x00000000fa800000)
 Metaspace       used 29094K, capacity 29826K, committed 30080K, reserved 1075200K
  class space    used 3161K, capacity 3416K, committed 3456K, reserved 1048576K
}
Event: 65.179 GC heap before
{Heap before GC invocations=289 (full 6):
 def new generation   total 35712K, used 34261K [0x00000000f0800000, 0x00000000f2ec0000, 0x00000000f5aa0000)
  eden space 31744K, 100% used [0x00000000f0800000, 0x00000000f2700000, 0x00000000f2700000)
  from space 3968K,  63% used [0x00000000f2700000, 0x00000000f2975790, 0x00000000f2ae0000)
  to   space 3968K,   0% used [0x00000000f2ae0000, 0x00000000f2ae0000, 0x00000000f2ec0000)
 tenured generation   total 79232K, used 78337K [0x00000000f5aa0000, 0x00000000fa800000, 0x0000000100000000)
   the space 79232K,  98% used [0x00000000f5aa0000, 0x00000000fa720490, 0x00000000fa720600, 0x00000000fa800000)
 Metaspace       used 29094K, capacity 29826K, committed 30080K, reserved 1075200K
  class space    used 3161K, capacity 3416K, committed 3456K, reserved 1048576K
Event: 65.184 GC heap after
Heap after GC invocations=290 (full 6):
 def new generation   total 35712K, used 2749K [0x00000000f0800000, 0x00000000f2ec0000, 0x00000000f5aa0000)
  eden space 31744K,   0% used [0x00000000f0800000, 0x00000000f0800000, 0x00000000f2700000)
  from space 3968K,  69% used [0x00000000f2ae0000, 0x00000000f2d8f460, 0x00000000f2ec0000)
  to   space 3968K,   0% used [0x00000000f2700000, 0x00000000f2700000, 0x00000000f2ae0000)
 tenured generation   total 79232K, used 78678K [0x00000000f5aa0000, 0x00000000fa800000, 0x0000000100000000)
   the space 79232K,  99% used [0x00000000f5aa0000, 0x00000000fa775910, 0x00000000fa775a00, 0x00000000fa800000)
 Metaspace       used 29094K, capacity 29826K, committed 30080K, reserved 1075200K
  class space    used 3161K, capacity 3416K, committed 3456K, reserved 1048576K
}
Event: 65.686 GC heap before
{Heap before GC invocations=290 (full 6):
 def new generation   total 35712K, used 34493K [0x00000000f0800000, 0x00000000f2ec0000, 0x00000000f5aa0000)
  eden space 31744K, 100% used [0x00000000f0800000, 0x00000000f2700000, 0x00000000f2700000)
  from space 3968K,  69% used [0x00000000f2ae0000, 0x00000000f2d8f460, 0x00000000f2ec0000)
  to   space 3968K,   0% used [0x00000000f2700000, 0x00000000f2700000, 0x00000000f2ae0000)
 tenured generation   total 79232K, used 78678K [0x00000000f5aa0000, 0x00000000fa800000, 0x0000000100000000)
   the space 79232K,  99% used [0x00000000f5aa0000, 0x00000000fa775910, 0x00000000fa775a00, 0x00000000fa800000)
 Metaspace       used 29094K, capacity 29826K, committed 30080K, reserved 1075200K
  class space    used 3161K, capacity 3416K, committed 3456K, reserved 1048576K
Event: 65.690 GC heap after
Heap after GC invocations=291 (full 6):
 def new generation   total 35712K, used 2044K [0x00000000f0800000, 0x00000000f2ec0000, 0x00000000f5aa0000)
  eden space 31744K,   0% used [0x00000000f0800000, 0x00000000f0800000, 0x00000000f2700000)
  from space 3968K,  51% used [0x00000000f2700000, 0x00000000f28ff168, 0x00000000f2ae0000)
  to   space 3968K,   0% used [0x00000000f2ae0000, 0x00000000f2ae0000, 0x00000000f2ec0000)
 tenured generation   total 79232K, used 78917K [0x00000000f5aa0000, 0x00000000fa800000, 0x0000000100000000)
   the space 79232K,  99% used [0x00000000f5aa0000, 0x00000000fa7b1698, 0x00000000fa7b1800, 0x00000000fa800000)
 Metaspace       used 29094K, capacity 29826K, committed 30080K, reserved 1075200K
  class space    used 3161K, capacity 3416K, committed 3456K, reserved 1048576K
}
Event: 66.012 GC heap before
{Heap before GC invocations=291 (full 6):
 def new generation   total 35712K, used 33788K [0x00000000f0800000, 0x00000000f2ec0000, 0x00000000f5aa0000)
  eden space 31744K, 100% used [0x00000000f0800000, 0x00000000f2700000, 0x00000000f2700000)
  from space 3968K,  51% used [0x00000000f2700000, 0x00000000f28ff168, 0x00000000f2ae0000)
  to   space 3968K,   0% used [0x00000000f2ae0000, 0x00000000f2ae0000, 0x00000000f2ec0000)
 tenured generation   total 79232K, used 78917K [0x00000000f5aa0000, 0x00000000fa800000, 0x0000000100000000)
   the space 79232K,  99% used [0x00000000f5aa0000, 0x00000000fa7b1698, 0x00000000fa7b1800, 0x00000000fa800000)
 Metaspace       used 29094K, capacity 29826K, committed 30080K, reserved 1075200K
  class space    used 3161K, capacity 3416K, committed 3456K, reserved 1048576K

