# JRE version: OpenJDK Runtime Environment (8.0_91-b14) (build 1.8.0_91-b14)
# Java VM: OpenJDK 64-Bit Server VM (25.91-b14 mixed mode linux-amd64 compressed oops)
Heap:
 def new generation   total 5824K, used 0K [0x00000000f0800000, 0x00000000f0e50000, 0x00000000f5aa0000)
  eden space 5184K,   0% used [0x00000000f0800000, 0x00000000f0800000, 0x00000000f0d10000)
  from space 640K,   0% used [0x00000000f0db0000, 0x00000000f0db0000, 0x00000000f0e50000)
  to   space 640K,   0% used [0x00000000f0d10000, 0x00000000f0d10000, 0x00000000f0db0000)
 tenured generation   total 13020K, used 11810K [0x00000000f5aa0000, 0x00000000f6757000, 0x0000000100000000)
   the space 13020K,  90% used [0x00000000f5aa0000, 0x00000000f6628a70, 0x00000000f6628c00, 0x00000000f6757000)
 Metaspace       used 17223K, capacity 17574K, committed 17920K, reserved 1064960K
  class space    used 1906K, capacity 1997K, committed 2048K, reserved 1048576K
GC Heap History (10 events):
Event: 6.718 GC heap after
Heap after GC invocations=41 (full 1):
 def new generation   total 5824K, used 238K [0x00000000f0800000, 0x00000000f0e50000, 0x00000000f5aa0000)
  eden space 5184K,   0% used [0x00000000f0800000, 0x00000000f0800000, 0x00000000f0d10000)
  from space 640K,  37% used [0x00000000f0d10000, 0x00000000f0d4b968, 0x00000000f0db0000)
  to   space 640K,   0% used [0x00000000f0db0000, 0x00000000f0db0000, 0x00000000f0e50000)
 tenured generation   total 12828K, used 11576K [0x00000000f5aa0000, 0x00000000f6727000, 0x0000000100000000)
   the space 12828K,  90% used [0x00000000f5aa0000, 0x00000000f65ee348, 0x00000000f65ee400, 0x00000000f6727000)
 Metaspace       used 16687K, capacity 17014K, committed 17408K, reserved 1064960K
  class space    used 1873K, capacity 1957K, committed 2048K, reserved 1048576K
}
Event: 6.829 GC heap before
{Heap before GC invocations=41 (full 1):
 def new generation   total 5824K, used 5422K [0x00000000f0800000, 0x00000000f0e50000, 0x00000000f5aa0000)
  eden space 5184K, 100% used [0x00000000f0800000, 0x00000000f0d10000, 0x00000000f0d10000)
  from space 640K,  37% used [0x00000000f0d10000, 0x00000000f0d4b968, 0x00000000f0db0000)
  to   space 640K,   0% used [0x00000000f0db0000, 0x00000000f0db0000, 0x00000000f0e50000)
 tenured generation   total 12828K, used 11576K [0x00000000f5aa0000, 0x00000000f6727000, 0x0000000100000000)
   the space 12828K,  90% used [0x00000000f5aa0000, 0x00000000f65ee348, 0x00000000f65ee400, 0x00000000f6727000)
 Metaspace       used 16703K, capacity 17014K, committed 17408K, reserved 1064960K
  class space    used 1873K, capacity 1957K, committed 2048K, reserved 1048576K
Event: 6.831 GC heap after
Heap after GC invocations=42 (full 1):
 def new generation   total 5824K, used 640K [0x00000000f0800000, 0x00000000f0e50000, 0x00000000f5aa0000)
  eden space 5184K,   0% used [0x00000000f0800000, 0x00000000f0800000, 0x00000000f0d10000)
  from space 640K, 100% used [0x00000000f0db0000, 0x00000000f0e50000, 0x00000000f0e50000)
  to   space 640K,   0% used [0x00000000f0d10000, 0x00000000f0d10000, 0x00000000f0db0000)
 tenured generation   total 12828K, used 11677K [0x00000000f5aa0000, 0x00000000f6727000, 0x0000000100000000)
   the space 12828K,  91% used [0x00000000f5aa0000, 0x00000000f6607590, 0x00000000f6607600, 0x00000000f6727000)
 Metaspace       used 16703K, capacity 17014K, committed 17408K, reserved 1064960K
  class space    used 1873K, capacity 1957K, committed 2048K, reserved 1048576K
}
Event: 7.515 GC heap before
{Heap before GC invocations=42 (full 1):
 def new generation   total 5824K, used 5824K [0x00000000f0800000, 0x00000000f0e50000, 0x00000000f5aa0000)
  eden space 5184K, 100% used [0x00000000f0800000, 0x00000000f0d10000, 0x00000000f0d10000)
  from space 640K, 100% used [0x00000000f0db0000, 0x00000000f0e50000, 0x00000000f0e50000)
  to   space 640K,   0% used [0x00000000f0d10000, 0x00000000f0d10000, 0x00000000f0db0000)
 tenured generation   total 12828K, used 11677K [0x00000000f5aa0000, 0x00000000f6727000, 0x0000000100000000)
   the space 12828K,  91% used [0x00000000f5aa0000, 0x00000000f6607590, 0x00000000f6607600, 0x00000000f6727000)
 Metaspace       used 16735K, capacity 17078K, committed 17408K, reserved 1064960K
  class space    used 1873K, capacity 1957K, committed 2048K, reserved 1048576K
Event: 7.518 GC heap after
Heap after GC invocations=43 (full 1):
 def new generation   total 5824K, used 331K [0x00000000f0800000, 0x00000000f0e50000, 0x00000000f5aa0000)
  eden space 5184K,   0% used [0x00000000f0800000, 0x00000000f0800000, 0x00000000f0d10000)
  from space 640K,  51% used [0x00000000f0d10000, 0x00000000f0d62c48, 0x00000000f0db0000)
  to   space 640K,   0% used [0x00000000f0db0000, 0x00000000f0db0000, 0x00000000f0e50000)
 tenured generation   total 12828K, used 12206K [0x00000000f5aa0000, 0x00000000f6727000, 0x0000000100000000)
   the space 12828K,  95% used [0x00000000f5aa0000, 0x00000000f668b960, 0x00000000f668ba00, 0x00000000f6727000)
 Metaspace       used 16735K, capacity 17078K, committed 17408K, reserved 1064960K
  class space    used 1873K, capacity 1957K, committed 2048K, reserved 1048576K
}
Event: 8.721 GC heap before
{Heap before GC invocations=43 (full 1):
 def new generation   total 5824K, used 5515K [0x00000000f0800000, 0x00000000f0e50000, 0x00000000f5aa0000)
  eden space 5184K, 100% used [0x00000000f0800000, 0x00000000f0d10000, 0x00000000f0d10000)
  from space 640K,  51% used [0x00000000f0d10000, 0x00000000f0d62c48, 0x00000000f0db0000)
  to   space 640K,   0% used [0x00000000f0db0000, 0x00000000f0db0000, 0x00000000f0e50000)
 tenured generation   total 12828K, used 12206K [0x00000000f5aa0000, 0x00000000f6727000, 0x0000000100000000)
   the space 12828K,  95% used [0x00000000f5aa0000, 0x00000000f668b960, 0x00000000f668ba00, 0x00000000f6727000)
 Metaspace       used 17075K, capacity 17446K, committed 17664K, reserved 1064960K
  class space    used 1903K, capacity 1997K, committed 2048K, reserved 1048576K
Event: 8.724 GC heap after
Heap after GC invocations=44 (full 1):
 def new generation   total 5824K, used 600K [0x00000000f0800000, 0x00000000f0e50000, 0x00000000f5aa0000)
  eden space 5184K,   0% used [0x00000000f0800000, 0x00000000f0800000, 0x00000000f0d10000)
  from space 640K,  93% used [0x00000000f0db0000, 0x00000000f0e463f0, 0x00000000f0e50000)
  to   space 640K,   0% used [0x00000000f0d10000, 0x00000000f0d10000, 0x00000000f0db0000)
 tenured generation   total 12828K, used 12502K [0x00000000f5aa0000, 0x00000000f6727000, 0x0000000100000000)
   the space 12828K,  97% used [0x00000000f5aa0000, 0x00000000f66d5978, 0x00000000f66d5a00, 0x00000000f6727000)
 Metaspace       used 17075K, capacity 17446K, committed 17664K, reserved 1064960K
  class space    used 1903K, capacity 1997K, committed 2048K, reserved 1048576K
}
Event: 10.243 GC heap before
{Heap before GC invocations=44 (full 1):
 def new generation   total 5824K, used 5784K [0x00000000f0800000, 0x00000000f0e50000, 0x00000000f5aa0000)
  eden space 5184K, 100% used [0x00000000f0800000, 0x00000000f0d10000, 0x00000000f0d10000)
  from space 640K,  93% used [0x00000000f0db0000, 0x00000000f0e463f0, 0x00000000f0e50000)
  to   space 640K,   0% used [0x00000000f0d10000, 0x00000000f0d10000, 0x00000000f0db0000)
 tenured generation   total 12828K, used 12502K [0x00000000f5aa0000, 0x00000000f6727000, 0x0000000100000000)
   the space 12828K,  97% used [0x00000000f5aa0000, 0x00000000f66d5978, 0x00000000f66d5a00, 0x00000000f6727000)
 Metaspace       used 17195K, capacity 17510K, committed 17664K, reserved 1064960K
  class space    used 1906K, capacity 1997K, committed 2048K, reserved 1048576K
Event: 10.246 GC heap after
Heap after GC invocations=45 (full 1):
 def new generation   total 5824K, used 405K [0x00000000f0800000, 0x00000000f0e50000, 0x00000000f5aa0000)
  eden space 5184K,   0% used [0x00000000f0800000, 0x00000000f0800000, 0x00000000f0d10000)
  from space 640K,  63% used [0x00000000f0d10000, 0x00000000f0d757d8, 0x00000000f0db0000)
  to   space 640K,   0% used [0x00000000f0db0000, 0x00000000f0db0000, 0x00000000f0e50000)
 tenured generation   total 12828K, used 12733K [0x00000000f5aa0000, 0x00000000f6727000, 0x0000000100000000)
   the space 12828K,  99% used [0x00000000f5aa0000, 0x00000000f670f7d8, 0x00000000f670f800, 0x00000000f6727000)
 Metaspace       used 17195K, capacity 17510K, committed 17664K, reserved 1064960K
  class space    used 1906K, capacity 1997K, committed 2048K, reserved 1048576K
}
Event: 12.027 GC heap before
{Heap before GC invocations=45 (full 1):
 def new generation   total 5824K, used 5587K [0x00000000f0800000, 0x00000000f0e50000, 0x00000000f5aa0000)
  eden space 5184K,  99% used [0x00000000f0800000, 0x00000000f0d0f598, 0x00000000f0d10000)
  from space 640K,  63% used [0x00000000f0d10000, 0x00000000f0d757d8, 0x00000000f0db0000)
  to   space 640K,   0% used [0x00000000f0db0000, 0x00000000f0db0000, 0x00000000f0e50000)
 tenured generation   total 12828K, used 12733K [0x00000000f5aa0000, 0x00000000f6727000, 0x0000000100000000)
   the space 12828K,  99% used [0x00000000f5aa0000, 0x00000000f670f7d8, 0x00000000f670f800, 0x00000000f6727000)
 Metaspace       used 17223K, capacity 17574K, committed 17920K, reserved 1064960K
  class space    used 1906K, capacity 1997K, committed 2048K, reserved 1048576K

